;I
; configuração da fita
0 * * l wall
wall _ # r 0o
; wall transitions:
wall2 # * r 2
wall2 * * * 2
wall6 # * r 6
wall6 * * * 6
wall5 # * r 5
wall5 * * * 5

; original MT::
;MT1
;Máquina que compute a função f:N->N onde a entrada é a representação binária do número natural.
;f(n)	= 2n caso n seja par
;	  n+1 caso n seja ímpar

; ESTADO INICIAL ---> 0


;marca 1o. símbolo
0o _ _ r halt
0o 0 Z r 1
0o 1 U r 1
;percorre até final da fita
1 0 0 r 1
1 1 1 r 1
1 _ _ l wall2
;verifica símbolo mais à direita da entrada
2 0 0 r 4
2 1 0 l wall6
2 Z 0 l halt-accept
2 U 1 r 3
;entrada igual a 1
3 _ 0 l halt-accept
;entrada é par: multiplicação por dois
4 _ 0 l wall5
5 0 0 l wall5
5 1 1 l wall5
5 Z 0 l halt-accept
5 U 1 l halt-accept
;entrada é ímpar: muda 1 por 0 até encontrar o 0 mais à direita, que vira 1
6 1 0 l wall6
6 0 1 l wall5
6 Z 1 l halt-accept
6 U 1 r 7
;caso a entrada seja composta apenas de 1s sucessivos
7 0 0 r 7
7 _ 0 r halt-accept
